<?xml version="1.0" encoding="UTF-8"?>
<!-- Generated by org.testng.reporters.JUnitReportReporter -->
<testsuite hostname="DESKTOP-FGSJSKU" failures="0" tests="1" name="Mavenp.Dataprovider" time="0.011" errors="0" timestamp="2022-11-21T15:01:57 GST" skipped="0">
  <testcase classname="Mavenp.Dataprovider" name="validateLoginTest" time="0.011"/>
  <system-out/>
</testsuite> <!-- Mavenp.Dataprovider -->
