<?xml version="1.0" encoding="UTF-8"?>
<!-- Generated by org.testng.reporters.JUnitReportReporter -->
<testsuite hostname="DESKTOP-FGSJSKU" failures="0" tests="1" name="Mavenp.Dataproviderdemo" time="0.011" errors="0" timestamp="2022-11-24T15:14:09 GST" skipped="0">
  <testcase classname="Mavenp.Dataproviderdemo" name="validateLoginTest" time="0.011"/>
  <system-out/>
</testsuite> <!-- Mavenp.Dataproviderdemo -->
